<?xml version="1.0" encoding="UTF-8"?>
<!-- Generated by org.testng.reporters.JUnitReportReporter -->
<testsuite skipped="0" hostname="ondornoMac-mini.local" name="ios.TestFuc" tests="1" failures="0" timestamp="05 九月 2019 07:34:58 GMT" time="28.654" errors="0">
  <testcase name="testIOS" time="28.654" classname="ios.TestFuc"/>
</testsuite> <!-- ios.TestFuc -->
