<?xml version="1.0" encoding="UTF-8"?>
<!-- Generated by org.testng.reporters.JUnitReportReporter -->
<testsuite skipped="0" hostname="ondornoMac-mini.local" name="android.TestAndroid" tests="1" failures="0" timestamp="05 九月 2019 07:34:53 GMT" time="28.742" errors="0">
  <testcase name="testAndroid" time="28.742" classname="android.TestAndroid"/>
</testsuite> <!-- android.TestAndroid -->
